{
  "stats": {
    "suites": 1,
    "tests": 1,
    "passes": 0,
    "pending": 0,
    "failures": 1,
    "start": "2023-07-29T02:07:21.338Z",
    "end": "2023-07-29T02:08:04.391Z",
    "duration": 43053,
    "testsRegistered": 1,
    "passPercent": 0,
    "pendingPercent": 0,
    "other": 0,
    "hasOther": false,
    "skipped": 0,
    "hasSkipped": false
  },
  "results": [
    {
      "uuid": "bfb14c12-7dfd-44cc-a78e-de20ec98dc7e",
      "title": "",
      "fullFile": "cypress\\integration\\testcases\\TDSearch.js",
      "file": "cypress\\integration\\testcases\\TDSearch.js",
      "beforeHooks": [],
      "afterHooks": [],
      "tests": [],
      "suites": [
        {
          "uuid": "6e738464-d620-4af2-8a92-ded3b5912f0b",
          "title": "TD Search Scenarios",
          "fullFile": "",
          "file": "",
          "beforeHooks": [],
          "afterHooks": [],
          "tests": [
            {
              "title": "Validation of TD Search Bar",
              "fullTitle": "TD Search Scenarios Validation of TD Search Bar",
              "timedOut": null,
              "duration": 42889,
              "state": "failed",
              "speed": null,
              "pass": false,
              "fail": true,
              "pending": false,
              "context": null,
              "code": "const hmPage = new _homePage.default();\nlet actValue;\n//Step to launch the TD App\nhmPage.lauchTDApp();\n//Click on the menu links\n// hmPage.openMenuLinks().click()\n//click on the search button\nhmPage.clickSearchIcon().click();\n//Enter the search text in the search bar\nhmPage.searchTextBox().type(\"Internet\");\n//Read the search list 3rd element\nhmPage.searchResultsList().should('be.visible');\nhmPage.searchResultsList().contains('Internet Troubleshooting:').should('be.visible').as('thValue');\nhmPage.searchResultsList().as('listValues');\ncy.get('@listValues').each(($el, index, $list) => {\n  const textValue = $el.text();\n  cy.log(index + \" : \" + textValue);\n  if (textValue.includes('Internet Troubleshooting:')) {\n    actValue = textValue;\n    cy.log(\"Found - \" + actValue);\n    cy.wrap($el).click();\n  }\n});\n//Step to validate the selected text dispalyed\nhmPage.searchSelection().should('be.visible');\nhmPage.searchSelection().invoke(\"text\").then(actText => {\n  expect(actText).to.contain(actValue);\n});\n//Step to wait for the page to load completely\ncy.document().then(doc => {\n  if (doc.readyState === 'complete') {\n    cy.log('Page is fully loaded');\n  } else {\n    cy.wait(10000);\n    cy.log('Page waited to be loaded');\n  }\n});\ncy.get('ul.jaVibZ', {\n  timeout: 10000\n}).should('be.visible');\ncy.xpath(\"//span[contains(text(), 'Forums')]\").should('be.visible').then($el => {\n  cy.log($el.length);\n  expect(6).to.equal($el.length);\n});\n//Step to click on the first forum link and validate the page dispalyed correctly for the first link\ncy.get('ul.jaVibZ').find(\"li.fJHqiq a h2\").then($el => {\n  const text = $el.eq(0).text();\n  cy.log(\"first link text : \" + text);\n  cy.wrap($el.eq(0)).click();\n  cy.get('.message-subject > span > div').should('be.visible').then($e2 => {\n    const text1 = $e2.text().replace(/\\n/g, '').replace(/\\t/g, '');\n    cy.log(\"second page text : \" + text1);\n    expect(text).to.contain(text1);\n  });\n});",
              "err": {
                "message": "CypressError: `cy.visit()` failed trying to load:\n\nhttps://www.telus.com/en\n\nWe attempted to make an http request to this URL but the request failed without a response.\n\nWe received this error at the network level:\n\n  > Error: connect ETIMEDOUT 107.162.138.125:443\n\nCommon situations why this would fail:\n  - you don't have internet access\n  - you forgot to run / boot your web server\n  - your web server isn't accessible\n  - you have weird network configuration settings on your computer",
                "estack": "CypressError: `cy.visit()` failed trying to load:\n\nhttps://www.telus.com/en\n\nWe attempted to make an http request to this URL but the request failed without a response.\n\nWe received this error at the network level:\n\n  > Error: connect ETIMEDOUT 107.162.138.125:443\n\nCommon situations why this would fail:\n  - you don't have internet access\n  - you forgot to run / boot your web server\n  - your web server isn't accessible\n  - you have weird network configuration settings on your computer\n    at <unknown> (http://localhost:49694/__cypress/runner/cypress_runner.js:147833:82)\n    at visitFailedByErr (http://localhost:49694/__cypress/runner/cypress_runner.js:147225:12)\n    at <unknown> (http://localhost:49694/__cypress/runner/cypress_runner.js:147832:11)\n    at tryCatcher (http://localhost:49694/__cypress/runner/cypress_runner.js:18744:23)\n    at Promise._settlePromiseFromHandler (http://localhost:49694/__cypress/runner/cypress_runner.js:16679:31)\n    at Promise._settlePromise (http://localhost:49694/__cypress/runner/cypress_runner.js:16736:18)\n    at Promise._settlePromise0 (http://localhost:49694/__cypress/runner/cypress_runner.js:16781:10)\n    at Promise._settlePromises (http://localhost:49694/__cypress/runner/cypress_runner.js:16857:18)\n    at _drainQueueStep (http://localhost:49694/__cypress/runner/cypress_runner.js:13451:12)\n    at _drainQueue (http://localhost:49694/__cypress/runner/cypress_runner.js:13444:9)\n    at ../../node_modules/bluebird/js/release/async.js.Async._drainQueues (http://localhost:49694/__cypress/runner/cypress_runner.js:13460:5)\n    at Async.drainQueues (http://localhost:49694/__cypress/runner/cypress_runner.js:13330:14)\nFrom Your Spec Code:\n    at homePage.lauchTDApp (webpack:///./cypress/integration/Pages/homePage.js:7:11)\n    at Context.eval (webpack:///./cypress/integration/testcases/TDSearch.js:28:19)\n\nFrom Node.js Internals:\n  Error: connect ETIMEDOUT 107.162.138.125:443\n      at TCPConnectWrap.afterConnect [as oncomplete] (node:net:1187:16)",
                "diff": null
              },
              "uuid": "ba9097f9-7fa9-4f9d-853a-bcfa2dd97d79",
              "parentUUID": "6e738464-d620-4af2-8a92-ded3b5912f0b",
              "isHook": false,
              "skipped": false
            }
          ],
          "suites": [],
          "passes": [],
          "failures": [
            "ba9097f9-7fa9-4f9d-853a-bcfa2dd97d79"
          ],
          "pending": [],
          "skipped": [],
          "duration": 42889,
          "root": false,
          "rootEmpty": false,
          "_timeout": 2000
        }
      ],
      "passes": [],
      "failures": [],
      "pending": [],
      "skipped": [],
      "duration": 0,
      "root": true,
      "rootEmpty": true,
      "_timeout": 2000
    }
  ],
  "meta": {
    "mocha": {
      "version": "7.0.1"
    },
    "mochawesome": {
      "options": {
        "quiet": false,
        "reportFilename": "mochawesome",
        "saveHtml": false,
        "saveJson": true,
        "consoleReporter": "spec",
        "useInlineDiffs": false,
        "code": true
      },
      "version": "7.1.3"
    },
    "marge": {
      "options": {
        "reportDir": "cypress/report/mocha-report",
        "overwrite": false,
        "html": false,
        "json": true,
        "timestamp": "mmddyyyy_HHMMss"
      },
      "version": "6.2.0"
    }
  }
}